<?xml version="1.0" encoding="UTF-8"?>
<!-- Generated by org.testng.reporters.JUnitReportReporter -->
<testsuite skipped="0" hostname="ghadeer" name="zidTest.LoginPageTest" tests="2" failures="0" timestamp="07 يون 2020 21:51:02 GMT" time="249.867" errors="0">
  <testcase name="InvalidLoginTest" time="130.552" classname="zidTest.LoginPageTest"/>
  <testcase name="ValidLoginTest" time="119.315" classname="zidTest.LoginPageTest"/>
</testsuite> <!-- zidTest.LoginPageTest -->
